Epoch 0/49
----------
Epoch [0/50], Iter [0/990], Loss: 7.4455
Epoch [0/50], Iter [100/990], Loss: 6.5114
Epoch [0/50], Iter [200/990], Loss: 6.0011
Epoch [0/50], Iter [300/990], Loss: 5.5752
Epoch [0/50], Iter [400/990], Loss: 5.2661
Epoch [0/50], Iter [500/990], Loss: 5.1843
Epoch [0/50], Iter [600/990], Loss: 4.9327
Epoch [0/50], Iter [700/990], Loss: 5.1235
Epoch [0/50], Iter [800/990], Loss: 4.9373
Epoch [0/50], Iter [900/990], Loss: 4.6968
train Loss: 5.4712 Acc: 0.2115
val Loss: 2.7587 Acc: 0.3050

Epoch 1/49
----------
Epoch [1/50], Iter [0/990], Loss: 4.6188
Epoch [1/50], Iter [100/990], Loss: 3.9122
Epoch [1/50], Iter [200/990], Loss: 4.2671
Epoch [1/50], Iter [300/990], Loss: 4.1255
Epoch [1/50], Iter [400/990], Loss: 4.0798
Epoch [1/50], Iter [500/990], Loss: 3.9203
Epoch [1/50], Iter [600/990], Loss: 3.5695
Epoch [1/50], Iter [700/990], Loss: 3.9935
Epoch [1/50], Iter [800/990], Loss: 4.3301
Epoch [1/50], Iter [900/990], Loss: 3.8717
train Loss: 4.0837 Acc: 0.3821
val Loss: 2.3736 Acc: 0.3834

Epoch 2/49
----------
Epoch [2/50], Iter [0/990], Loss: 3.5570
Epoch [2/50], Iter [100/990], Loss: 4.0739
Epoch [2/50], Iter [200/990], Loss: 3.3601
Epoch [2/50], Iter [300/990], Loss: 3.5883
Epoch [2/50], Iter [400/990], Loss: 3.1480
Epoch [2/50], Iter [500/990], Loss: 3.1281
Epoch [2/50], Iter [600/990], Loss: 3.8494
Epoch [2/50], Iter [700/990], Loss: 3.1441
Epoch [2/50], Iter [800/990], Loss: 3.2856
Epoch [2/50], Iter [900/990], Loss: 3.4657
train Loss: 3.4807 Acc: 0.4702
val Loss: 2.0003 Acc: 0.4630

Epoch 3/49
----------
Epoch [3/50], Iter [0/990], Loss: 3.3106
Epoch [3/50], Iter [100/990], Loss: 3.2309
Epoch [3/50], Iter [200/990], Loss: 2.6753
Epoch [3/50], Iter [300/990], Loss: 3.1939
Epoch [3/50], Iter [400/990], Loss: 3.0077
Epoch [3/50], Iter [500/990], Loss: 2.9273
Epoch [3/50], Iter [600/990], Loss: 3.2560
Epoch [3/50], Iter [700/990], Loss: 2.8394
Epoch [3/50], Iter [800/990], Loss: 3.1008
Epoch [3/50], Iter [900/990], Loss: 2.4772
train Loss: 3.0711 Acc: 0.5306
val Loss: 1.7387 Acc: 0.5352

Epoch 4/49
----------
Epoch [4/50], Iter [0/990], Loss: 2.9472
Epoch [4/50], Iter [100/990], Loss: 3.0900
Epoch [4/50], Iter [200/990], Loss: 2.6931
Epoch [4/50], Iter [300/990], Loss: 2.5589
Epoch [4/50], Iter [400/990], Loss: 3.1257
Epoch [4/50], Iter [500/990], Loss: 2.9070
Epoch [4/50], Iter [600/990], Loss: 2.4207
Epoch [4/50], Iter [700/990], Loss: 2.8223
Epoch [4/50], Iter [800/990], Loss: 3.0480
Epoch [4/50], Iter [900/990], Loss: 2.8670
train Loss: 2.7877 Acc: 0.5760
val Loss: 1.6391 Acc: 0.5546

Epoch 5/49
----------
Epoch [5/50], Iter [0/990], Loss: 2.5730
Epoch [5/50], Iter [100/990], Loss: 2.5693
Epoch [5/50], Iter [200/990], Loss: 2.7117
Epoch [5/50], Iter [300/990], Loss: 2.6009
Epoch [5/50], Iter [400/990], Loss: 2.9383
Epoch [5/50], Iter [500/990], Loss: 2.4332
Epoch [5/50], Iter [600/990], Loss: 2.4661
Epoch [5/50], Iter [700/990], Loss: 3.2430
Epoch [5/50], Iter [800/990], Loss: 2.2815
Epoch [5/50], Iter [900/990], Loss: 2.1334
train Loss: 2.5630 Acc: 0.6135
val Loss: 1.5067 Acc: 0.5826

Epoch 6/49
----------
Epoch [6/50], Iter [0/990], Loss: 2.5355
Epoch [6/50], Iter [100/990], Loss: 2.1497
Epoch [6/50], Iter [200/990], Loss: 2.2144
Epoch [6/50], Iter [300/990], Loss: 2.2423
Epoch [6/50], Iter [400/990], Loss: 2.2819
Epoch [6/50], Iter [500/990], Loss: 2.3539
Epoch [6/50], Iter [600/990], Loss: 2.4439
Epoch [6/50], Iter [700/990], Loss: 2.2942
Epoch [6/50], Iter [800/990], Loss: 2.6955
Epoch [6/50], Iter [900/990], Loss: 2.0686
train Loss: 2.3933 Acc: 0.6381
val Loss: 1.3964 Acc: 0.6120

Epoch 7/49
----------
Epoch [7/50], Iter [0/990], Loss: 2.4903
Epoch [7/50], Iter [100/990], Loss: 2.3594
Epoch [7/50], Iter [200/990], Loss: 2.0696
Epoch [7/50], Iter [300/990], Loss: 2.0495
Epoch [7/50], Iter [400/990], Loss: 2.5237
Epoch [7/50], Iter [500/990], Loss: 2.1441
Epoch [7/50], Iter [600/990], Loss: 2.3172
Epoch [7/50], Iter [700/990], Loss: 1.9964
Epoch [7/50], Iter [800/990], Loss: 2.4611
Epoch [7/50], Iter [900/990], Loss: 2.4731
train Loss: 2.2373 Acc: 0.6640
val Loss: 1.3653 Acc: 0.6318

Epoch 8/49
----------
Epoch [8/50], Iter [0/990], Loss: 1.8477
Epoch [8/50], Iter [100/990], Loss: 1.9020
Epoch [8/50], Iter [200/990], Loss: 2.2101
Epoch [8/50], Iter [300/990], Loss: 2.2331
Epoch [8/50], Iter [400/990], Loss: 2.0276
Epoch [8/50], Iter [500/990], Loss: 2.0470
Epoch [8/50], Iter [600/990], Loss: 2.3625
Epoch [8/50], Iter [700/990], Loss: 2.1293
Epoch [8/50], Iter [800/990], Loss: 2.6593
Epoch [8/50], Iter [900/990], Loss: 2.2317
train Loss: 2.1268 Acc: 0.6813
val Loss: 1.3614 Acc: 0.6268

Epoch 9/49
----------
Epoch [9/50], Iter [0/990], Loss: 1.9088
Epoch [9/50], Iter [100/990], Loss: 1.9493
Epoch [9/50], Iter [200/990], Loss: 2.0863
Epoch [9/50], Iter [300/990], Loss: 1.7677
Epoch [9/50], Iter [400/990], Loss: 2.0328
Epoch [9/50], Iter [500/990], Loss: 1.6961
Epoch [9/50], Iter [600/990], Loss: 2.0406
Epoch [9/50], Iter [700/990], Loss: 2.0420
Epoch [9/50], Iter [800/990], Loss: 2.2102
Epoch [9/50], Iter [900/990], Loss: 2.1837
train Loss: 2.0154 Acc: 0.6993
val Loss: 1.3078 Acc: 0.6442

Epoch 10/49
----------
Epoch [10/50], Iter [0/990], Loss: 1.7527
Epoch [10/50], Iter [100/990], Loss: 1.9137
Epoch [10/50], Iter [200/990], Loss: 2.2585
Epoch [10/50], Iter [300/990], Loss: 1.9972
Epoch [10/50], Iter [400/990], Loss: 1.8044
Epoch [10/50], Iter [500/990], Loss: 2.0456
Epoch [10/50], Iter [600/990], Loss: 1.6611
Epoch [10/50], Iter [700/990], Loss: 1.8187
Epoch [10/50], Iter [800/990], Loss: 1.8729
Epoch [10/50], Iter [900/990], Loss: 2.3063
train Loss: 1.9290 Acc: 0.7127
val Loss: 1.2690 Acc: 0.6542

Epoch 11/49
----------
Epoch [11/50], Iter [0/990], Loss: 1.5393
Epoch [11/50], Iter [100/990], Loss: 2.1428
Epoch [11/50], Iter [200/990], Loss: 1.8373
Epoch [11/50], Iter [300/990], Loss: 1.9834
Epoch [11/50], Iter [400/990], Loss: 1.9076
Epoch [11/50], Iter [500/990], Loss: 1.7244
Epoch [11/50], Iter [600/990], Loss: 1.7911
Epoch [11/50], Iter [700/990], Loss: 1.9029
Epoch [11/50], Iter [800/990], Loss: 2.1257
Epoch [11/50], Iter [900/990], Loss: 1.6470
train Loss: 1.8430 Acc: 0.7281
val Loss: 1.1958 Acc: 0.6762

Epoch 12/49
----------
Epoch [12/50], Iter [0/990], Loss: 1.3503
Epoch [12/50], Iter [100/990], Loss: 1.6811
Epoch [12/50], Iter [200/990], Loss: 1.6478
Epoch [12/50], Iter [300/990], Loss: 1.9466
Epoch [12/50], Iter [400/990], Loss: 1.6767
Epoch [12/50], Iter [500/990], Loss: 1.7004
Epoch [12/50], Iter [600/990], Loss: 1.7681
Epoch [12/50], Iter [700/990], Loss: 2.0815
Epoch [12/50], Iter [800/990], Loss: 1.4679
Epoch [12/50], Iter [900/990], Loss: 1.6066
train Loss: 1.7698 Acc: 0.7393
val Loss: 1.1698 Acc: 0.6804

Epoch 13/49
----------
Epoch [13/50], Iter [0/990], Loss: 1.7198
Epoch [13/50], Iter [100/990], Loss: 1.6573
Epoch [13/50], Iter [200/990], Loss: 1.6550
Epoch [13/50], Iter [300/990], Loss: 1.5515
Epoch [13/50], Iter [400/990], Loss: 1.7630
Epoch [13/50], Iter [500/990], Loss: 1.8322
Epoch [13/50], Iter [600/990], Loss: 1.2375
Epoch [13/50], Iter [700/990], Loss: 2.0640
Epoch [13/50], Iter [800/990], Loss: 1.6825
Epoch [13/50], Iter [900/990], Loss: 1.8105
train Loss: 1.6957 Acc: 0.7532
val Loss: 1.2355 Acc: 0.6638

Epoch 14/49
----------
Epoch [14/50], Iter [0/990], Loss: 1.7948
Epoch [14/50], Iter [100/990], Loss: 1.3364
Epoch [14/50], Iter [200/990], Loss: 1.6895
Epoch [14/50], Iter [300/990], Loss: 1.4820
Epoch [14/50], Iter [400/990], Loss: 1.6137
Epoch [14/50], Iter [500/990], Loss: 1.5588
Epoch [14/50], Iter [600/990], Loss: 1.9830
Epoch [14/50], Iter [700/990], Loss: 1.9823
Epoch [14/50], Iter [800/990], Loss: 1.7750
Epoch [14/50], Iter [900/990], Loss: 1.8699
train Loss: 1.6350 Acc: 0.7619
val Loss: 1.1368 Acc: 0.6974

Epoch 15/49
----------
Epoch [15/50], Iter [0/990], Loss: 1.3372
Epoch [15/50], Iter [100/990], Loss: 1.0991
Epoch [15/50], Iter [200/990], Loss: 1.9696
Epoch [15/50], Iter [300/990], Loss: 1.9944
Epoch [15/50], Iter [400/990], Loss: 1.5708
Epoch [15/50], Iter [500/990], Loss: 1.8109
Epoch [15/50], Iter [600/990], Loss: 1.5276
Epoch [15/50], Iter [700/990], Loss: 1.6245
Epoch [15/50], Iter [800/990], Loss: 1.5661
Epoch [15/50], Iter [900/990], Loss: 1.4522
train Loss: 1.5809 Acc: 0.7705
val Loss: 1.0991 Acc: 0.7022

Epoch 16/49
----------
Epoch [16/50], Iter [0/990], Loss: 1.3213
Epoch [16/50], Iter [100/990], Loss: 1.2196
Epoch [16/50], Iter [200/990], Loss: 1.3660
Epoch [16/50], Iter [300/990], Loss: 1.6247
Epoch [16/50], Iter [400/990], Loss: 1.5267
Epoch [16/50], Iter [500/990], Loss: 1.4364
Epoch [16/50], Iter [600/990], Loss: 1.9150
Epoch [16/50], Iter [700/990], Loss: 1.9086
Epoch [16/50], Iter [800/990], Loss: 1.5355
Epoch [16/50], Iter [900/990], Loss: 1.6245
train Loss: 1.5256 Acc: 0.7795
val Loss: 1.1816 Acc: 0.6774

Epoch 17/49
----------
Epoch [17/50], Iter [0/990], Loss: 1.4638
Epoch [17/50], Iter [100/990], Loss: 1.2577
Epoch [17/50], Iter [200/990], Loss: 1.6778
Epoch [17/50], Iter [300/990], Loss: 1.5383
Epoch [17/50], Iter [400/990], Loss: 1.6006
Epoch [17/50], Iter [500/990], Loss: 1.4896
Epoch [17/50], Iter [600/990], Loss: 1.3043
Epoch [17/50], Iter [700/990], Loss: 1.3573
Epoch [17/50], Iter [800/990], Loss: 1.2910
Epoch [17/50], Iter [900/990], Loss: 1.6188
train Loss: 1.4729 Acc: 0.7891
val Loss: 1.0966 Acc: 0.6944

Epoch 18/49
----------
Epoch [18/50], Iter [0/990], Loss: 1.4693
Epoch [18/50], Iter [100/990], Loss: 1.3984
Epoch [18/50], Iter [200/990], Loss: 1.4162
Epoch [18/50], Iter [300/990], Loss: 1.4311
Epoch [18/50], Iter [400/990], Loss: 1.1373
Epoch [18/50], Iter [500/990], Loss: 1.3183
Epoch [18/50], Iter [600/990], Loss: 1.3794
Epoch [18/50], Iter [700/990], Loss: 1.3554
Epoch [18/50], Iter [800/990], Loss: 1.3851
Epoch [18/50], Iter [900/990], Loss: 1.6400
train Loss: 1.4261 Acc: 0.7967
val Loss: 1.0706 Acc: 0.7094

Epoch 19/49
----------
Epoch [19/50], Iter [0/990], Loss: 1.6810
Epoch [19/50], Iter [100/990], Loss: 1.2349
Epoch [19/50], Iter [200/990], Loss: 1.2558
Epoch [19/50], Iter [300/990], Loss: 1.1745
Epoch [19/50], Iter [400/990], Loss: 1.2728
Epoch [19/50], Iter [500/990], Loss: 1.5067
Epoch [19/50], Iter [600/990], Loss: 1.4504
Epoch [19/50], Iter [700/990], Loss: 1.6579
Epoch [19/50], Iter [800/990], Loss: 1.2408
Epoch [19/50], Iter [900/990], Loss: 1.1844
train Loss: 1.3866 Acc: 0.8043
val Loss: 1.1581 Acc: 0.6976

Epoch 20/49
----------
Epoch [20/50], Iter [0/990], Loss: 1.0496
Epoch [20/50], Iter [100/990], Loss: 1.3748
Epoch [20/50], Iter [200/990], Loss: 1.2931
Epoch [20/50], Iter [300/990], Loss: 1.5315
Epoch [20/50], Iter [400/990], Loss: 1.3237
Epoch [20/50], Iter [500/990], Loss: 1.4734
Epoch [20/50], Iter [600/990], Loss: 1.4164
Epoch [20/50], Iter [700/990], Loss: 1.1567
Epoch [20/50], Iter [800/990], Loss: 1.8812
Epoch [20/50], Iter [900/990], Loss: 1.2188
train Loss: 1.3421 Acc: 0.8099
val Loss: 1.0599 Acc: 0.7134

Epoch 21/49
----------
Epoch [21/50], Iter [0/990], Loss: 1.2519
Epoch [21/50], Iter [100/990], Loss: 1.4328
Epoch [21/50], Iter [200/990], Loss: 1.1597
Epoch [21/50], Iter [300/990], Loss: 1.3886
Epoch [21/50], Iter [400/990], Loss: 1.1930
Epoch [21/50], Iter [500/990], Loss: 1.1268
Epoch [21/50], Iter [600/990], Loss: 1.6668
Epoch [21/50], Iter [700/990], Loss: 1.1904
Epoch [21/50], Iter [800/990], Loss: 1.2975
Epoch [21/50], Iter [900/990], Loss: 1.1201
train Loss: 1.3028 Acc: 0.8187
val Loss: 1.0966 Acc: 0.7098

Epoch 22/49
----------
Epoch [22/50], Iter [0/990], Loss: 1.3769
Epoch [22/50], Iter [100/990], Loss: 1.2486
Epoch [22/50], Iter [200/990], Loss: 1.1953
Epoch [22/50], Iter [300/990], Loss: 1.1980
Epoch [22/50], Iter [400/990], Loss: 1.5677
Epoch [22/50], Iter [500/990], Loss: 1.2367
Epoch [22/50], Iter [600/990], Loss: 1.2424
Epoch [22/50], Iter [700/990], Loss: 1.4601
Epoch [22/50], Iter [800/990], Loss: 1.0072
Epoch [22/50], Iter [900/990], Loss: 1.1666
train Loss: 1.2656 Acc: 0.8250
val Loss: 1.1016 Acc: 0.7078

Epoch 23/49
----------
Epoch [23/50], Iter [0/990], Loss: 1.2227
Epoch [23/50], Iter [100/990], Loss: 1.1595
Epoch [23/50], Iter [200/990], Loss: 1.3286
Epoch [23/50], Iter [300/990], Loss: 1.0734
Epoch [23/50], Iter [400/990], Loss: 1.2056
Epoch [23/50], Iter [500/990], Loss: 0.9173
Epoch [23/50], Iter [600/990], Loss: 1.3131
Epoch [23/50], Iter [700/990], Loss: 1.4019
Epoch [23/50], Iter [800/990], Loss: 1.5535
Epoch [23/50], Iter [900/990], Loss: 1.1837
train Loss: 1.2383 Acc: 0.8289
val Loss: 1.0550 Acc: 0.7214

Epoch 24/49
----------
Epoch [24/50], Iter [0/990], Loss: 1.0719
Epoch [24/50], Iter [100/990], Loss: 1.1326
Epoch [24/50], Iter [200/990], Loss: 1.1774
Epoch [24/50], Iter [300/990], Loss: 1.2863
Epoch [24/50], Iter [400/990], Loss: 1.0712
Epoch [24/50], Iter [500/990], Loss: 1.3790
Epoch [24/50], Iter [600/990], Loss: 1.2484
Epoch [24/50], Iter [700/990], Loss: 1.1794
Epoch [24/50], Iter [800/990], Loss: 1.1694
Epoch [24/50], Iter [900/990], Loss: 1.0513
train Loss: 1.2013 Acc: 0.8358
val Loss: 1.0383 Acc: 0.7256

Epoch 25/49
----------
Epoch [25/50], Iter [0/990], Loss: 1.2654
Epoch [25/50], Iter [100/990], Loss: 1.3233
Epoch [25/50], Iter [200/990], Loss: 1.0301
Epoch [25/50], Iter [300/990], Loss: 1.0220
Epoch [25/50], Iter [400/990], Loss: 1.2240
Epoch [25/50], Iter [500/990], Loss: 1.3247
Epoch [25/50], Iter [600/990], Loss: 1.0700
Epoch [25/50], Iter [700/990], Loss: 1.2960
Epoch [25/50], Iter [800/990], Loss: 1.0878
Epoch [25/50], Iter [900/990], Loss: 1.3006
train Loss: 1.1714 Acc: 0.8405
val Loss: 1.0267 Acc: 0.7236

Epoch 26/49
----------
Epoch [26/50], Iter [0/990], Loss: 1.0603
Epoch [26/50], Iter [100/990], Loss: 1.0907
Epoch [26/50], Iter [200/990], Loss: 1.0452
Epoch [26/50], Iter [300/990], Loss: 1.0639
Epoch [26/50], Iter [400/990], Loss: 1.3653
Epoch [26/50], Iter [500/990], Loss: 1.0595
Epoch [26/50], Iter [600/990], Loss: 1.3339
Epoch [26/50], Iter [700/990], Loss: 0.9587
Epoch [26/50], Iter [800/990], Loss: 0.8937
Epoch [26/50], Iter [900/990], Loss: 1.1909
train Loss: 1.1416 Acc: 0.8450
val Loss: 1.0464 Acc: 0.7252

Epoch 27/49
----------
Epoch [27/50], Iter [0/990], Loss: 0.9316
Epoch [27/50], Iter [100/990], Loss: 1.2702
Epoch [27/50], Iter [200/990], Loss: 1.0083
Epoch [27/50], Iter [300/990], Loss: 1.2357
Epoch [27/50], Iter [400/990], Loss: 0.9828
Epoch [27/50], Iter [500/990], Loss: 1.1355
Epoch [27/50], Iter [600/990], Loss: 1.1120
Epoch [27/50], Iter [700/990], Loss: 1.0140
Epoch [27/50], Iter [800/990], Loss: 1.3270
Epoch [27/50], Iter [900/990], Loss: 0.9418
train Loss: 1.1086 Acc: 0.8511
val Loss: 1.0313 Acc: 0.7342

Epoch 28/49
----------
Epoch [28/50], Iter [0/990], Loss: 1.3012
Epoch [28/50], Iter [100/990], Loss: 1.2362
Epoch [28/50], Iter [200/990], Loss: 1.1316
Epoch [28/50], Iter [300/990], Loss: 1.1313
Epoch [28/50], Iter [400/990], Loss: 0.8461
Epoch [28/50], Iter [500/990], Loss: 1.2046
Epoch [28/50], Iter [600/990], Loss: 0.8151
Epoch [28/50], Iter [700/990], Loss: 0.8967
Epoch [28/50], Iter [800/990], Loss: 1.1210
Epoch [28/50], Iter [900/990], Loss: 0.8309
train Loss: 1.0915 Acc: 0.8547
val Loss: 1.0346 Acc: 0.7290

Epoch 29/49
----------
Epoch [29/50], Iter [0/990], Loss: 0.9687
Epoch [29/50], Iter [100/990], Loss: 1.2968
Epoch [29/50], Iter [200/990], Loss: 0.9746
Epoch [29/50], Iter [300/990], Loss: 0.8873
Epoch [29/50], Iter [400/990], Loss: 1.0056
Epoch [29/50], Iter [500/990], Loss: 1.3558
Epoch [29/50], Iter [600/990], Loss: 1.2744
Epoch [29/50], Iter [700/990], Loss: 1.2068
Epoch [29/50], Iter [800/990], Loss: 0.9830
Epoch [29/50], Iter [900/990], Loss: 1.0888
train Loss: 1.0642 Acc: 0.8612
val Loss: 1.0234 Acc: 0.7378

Epoch 30/49
----------
Epoch [30/50], Iter [0/990], Loss: 0.8743
Epoch [30/50], Iter [100/990], Loss: 0.9555
Epoch [30/50], Iter [200/990], Loss: 1.1021
Epoch [30/50], Iter [300/990], Loss: 0.7961
Epoch [30/50], Iter [400/990], Loss: 0.9741
Epoch [30/50], Iter [500/990], Loss: 1.0633
Epoch [30/50], Iter [600/990], Loss: 1.2255
Epoch [30/50], Iter [700/990], Loss: 0.8365
Epoch [30/50], Iter [800/990], Loss: 0.7267
Epoch [30/50], Iter [900/990], Loss: 1.2223
train Loss: 1.0354 Acc: 0.8643
val Loss: 1.0302 Acc: 0.7354

Epoch 31/49
----------
Epoch [31/50], Iter [0/990], Loss: 0.9408
Epoch [31/50], Iter [100/990], Loss: 0.9254
Epoch [31/50], Iter [200/990], Loss: 1.1681
Epoch [31/50], Iter [300/990], Loss: 0.7116
Epoch [31/50], Iter [400/990], Loss: 1.0002
Epoch [31/50], Iter [500/990], Loss: 0.9319
Epoch [31/50], Iter [600/990], Loss: 1.1935
Epoch [31/50], Iter [700/990], Loss: 0.9695
Epoch [31/50], Iter [800/990], Loss: 0.8837
Epoch [31/50], Iter [900/990], Loss: 1.1428
train Loss: 1.0183 Acc: 0.8669
val Loss: 1.0552 Acc: 0.7200

Epoch 32/49
----------
Epoch [32/50], Iter [0/990], Loss: 0.6858
Epoch [32/50], Iter [100/990], Loss: 0.9351
Epoch [32/50], Iter [200/990], Loss: 0.9856
Epoch [32/50], Iter [300/990], Loss: 0.8402
Epoch [32/50], Iter [400/990], Loss: 1.0550
Epoch [32/50], Iter [500/990], Loss: 1.1097
Epoch [32/50], Iter [600/990], Loss: 0.9667
Epoch [32/50], Iter [700/990], Loss: 0.9274
Epoch [32/50], Iter [800/990], Loss: 1.1744
Epoch [32/50], Iter [900/990], Loss: 0.8552
train Loss: 0.9936 Acc: 0.8708
val Loss: 1.0367 Acc: 0.7314

Epoch 33/49
----------
Epoch [33/50], Iter [0/990], Loss: 0.9901
Epoch [33/50], Iter [100/990], Loss: 0.8901
Epoch [33/50], Iter [200/990], Loss: 1.0093
Epoch [33/50], Iter [300/990], Loss: 0.8410
Epoch [33/50], Iter [400/990], Loss: 1.0102
Epoch [33/50], Iter [500/990], Loss: 1.0290
Epoch [33/50], Iter [600/990], Loss: 0.7190
Epoch [33/50], Iter [700/990], Loss: 0.9567
Epoch [33/50], Iter [800/990], Loss: 1.1211
Epoch [33/50], Iter [900/990], Loss: 1.3667
train Loss: 0.9773 Acc: 0.8750
val Loss: 1.0796 Acc: 0.7294

Epoch 34/49
----------
Epoch [34/50], Iter [0/990], Loss: 0.9512
Epoch [34/50], Iter [100/990], Loss: 0.8708
Epoch [34/50], Iter [200/990], Loss: 0.7569
Epoch [34/50], Iter [300/990], Loss: 0.8454
Epoch [34/50], Iter [400/990], Loss: 1.1811
Epoch [34/50], Iter [500/990], Loss: 0.8991
Epoch [34/50], Iter [600/990], Loss: 1.1517
Epoch [34/50], Iter [700/990], Loss: 0.9492
Epoch [34/50], Iter [800/990], Loss: 1.0492
Epoch [34/50], Iter [900/990], Loss: 0.8169
train Loss: 0.9487 Acc: 0.8797
val Loss: 1.0173 Acc: 0.7456

Epoch 35/49
----------
Epoch [35/50], Iter [0/990], Loss: 0.8168
Epoch [35/50], Iter [100/990], Loss: 0.9850
Epoch [35/50], Iter [200/990], Loss: 0.9163
Epoch [35/50], Iter [300/990], Loss: 0.7731
Epoch [35/50], Iter [400/990], Loss: 0.6929
Epoch [35/50], Iter [500/990], Loss: 1.0418
Epoch [35/50], Iter [600/990], Loss: 0.8595
Epoch [35/50], Iter [700/990], Loss: 0.8493
Epoch [35/50], Iter [800/990], Loss: 0.9499
Epoch [35/50], Iter [900/990], Loss: 0.8847
train Loss: 0.9340 Acc: 0.8821
val Loss: 1.0765 Acc: 0.7280

Epoch 36/49
----------
Epoch [36/50], Iter [0/990], Loss: 0.7739
Epoch [36/50], Iter [100/990], Loss: 0.6980
Epoch [36/50], Iter [200/990], Loss: 0.7678
Epoch [36/50], Iter [300/990], Loss: 0.8025
Epoch [36/50], Iter [400/990], Loss: 1.0989
Epoch [36/50], Iter [500/990], Loss: 1.0653
Epoch [36/50], Iter [600/990], Loss: 0.9493
Epoch [36/50], Iter [700/990], Loss: 1.0754
Epoch [36/50], Iter [800/990], Loss: 0.8268
Epoch [36/50], Iter [900/990], Loss: 0.9454
train Loss: 0.9271 Acc: 0.8836
val Loss: 1.0467 Acc: 0.7342

Epoch 37/49
----------
Epoch [37/50], Iter [0/990], Loss: 0.8304
Epoch [37/50], Iter [100/990], Loss: 1.0224
Epoch [37/50], Iter [200/990], Loss: 0.6866
Epoch [37/50], Iter [300/990], Loss: 0.9017
Epoch [37/50], Iter [400/990], Loss: 0.7972
Epoch [37/50], Iter [500/990], Loss: 0.7676
Epoch [37/50], Iter [600/990], Loss: 0.9837
Epoch [37/50], Iter [700/990], Loss: 0.8548
Epoch [37/50], Iter [800/990], Loss: 1.1007
Epoch [37/50], Iter [900/990], Loss: 1.1412
train Loss: 0.8980 Acc: 0.8884
val Loss: 1.0742 Acc: 0.7348

Epoch 38/49
----------
Epoch [38/50], Iter [0/990], Loss: 0.9152
Epoch [38/50], Iter [100/990], Loss: 0.9782
Epoch [38/50], Iter [200/990], Loss: 0.9073
Epoch [38/50], Iter [300/990], Loss: 0.8667
Epoch [38/50], Iter [400/990], Loss: 0.7132
Epoch [38/50], Iter [500/990], Loss: 0.9040
Epoch [38/50], Iter [600/990], Loss: 0.8787
Epoch [38/50], Iter [700/990], Loss: 0.6972
Epoch [38/50], Iter [800/990], Loss: 0.9782
Epoch [38/50], Iter [900/990], Loss: 0.7463
train Loss: 0.8892 Acc: 0.8905
val Loss: 1.0489 Acc: 0.7352

Epoch 39/49
----------
Epoch [39/50], Iter [0/990], Loss: 0.8767
Epoch [39/50], Iter [100/990], Loss: 0.6974
Epoch [39/50], Iter [200/990], Loss: 0.7587
Epoch [39/50], Iter [300/990], Loss: 1.1179
Epoch [39/50], Iter [400/990], Loss: 1.0795
Epoch [39/50], Iter [500/990], Loss: 0.8014
Epoch [39/50], Iter [600/990], Loss: 0.9658
Epoch [39/50], Iter [700/990], Loss: 0.8972
Epoch [39/50], Iter [800/990], Loss: 0.6774
Epoch [39/50], Iter [900/990], Loss: 0.8875
train Loss: 0.8708 Acc: 0.8939
val Loss: 1.0963 Acc: 0.7284

Epoch 40/49
----------
Epoch [40/50], Iter [0/990], Loss: 1.0130
Epoch [40/50], Iter [100/990], Loss: 0.7062
Epoch [40/50], Iter [200/990], Loss: 0.6013
Epoch [40/50], Iter [300/990], Loss: 0.8215
Epoch [40/50], Iter [400/990], Loss: 0.9503
Epoch [40/50], Iter [500/990], Loss: 0.8598
Epoch [40/50], Iter [600/990], Loss: 0.9293
Epoch [40/50], Iter [700/990], Loss: 0.7330
Epoch [40/50], Iter [800/990], Loss: 0.7884
Epoch [40/50], Iter [900/990], Loss: 0.9290
train Loss: 0.8604 Acc: 0.8949
Epoch 00041: reducing learning rate of group 0 to 1.0000e-05.
val Loss: 1.0561 Acc: 0.7412

Epoch 41/49
----------
Epoch [41/50], Iter [0/990], Loss: 0.5657
Epoch [41/50], Iter [100/990], Loss: 0.8439
Epoch [41/50], Iter [200/990], Loss: 0.6780
Epoch [41/50], Iter [300/990], Loss: 0.4929
Epoch [41/50], Iter [400/990], Loss: 0.5928
Epoch [41/50], Iter [500/990], Loss: 0.7180
Epoch [41/50], Iter [600/990], Loss: 0.5353
Epoch [41/50], Iter [700/990], Loss: 0.5324
Epoch [41/50], Iter [800/990], Loss: 0.7574
Epoch [41/50], Iter [900/990], Loss: 0.8051
train Loss: 0.6576 Acc: 0.9356
val Loss: 0.8801 Acc: 0.7750

Epoch 42/49
----------
Epoch [42/50], Iter [0/990], Loss: 0.6245
Epoch [42/50], Iter [100/990], Loss: 0.5271
Epoch [42/50], Iter [200/990], Loss: 0.7996
Epoch [42/50], Iter [300/990], Loss: 0.6540
Epoch [42/50], Iter [400/990], Loss: 0.7745
Epoch [42/50], Iter [500/990], Loss: 0.4781
Epoch [42/50], Iter [600/990], Loss: 0.5206
Epoch [42/50], Iter [700/990], Loss: 0.6939
Epoch [42/50], Iter [800/990], Loss: 0.5813
Epoch [42/50], Iter [900/990], Loss: 0.8694
train Loss: 0.6129 Acc: 0.9438
val Loss: 0.8784 Acc: 0.7776

Epoch 43/49
----------
Epoch [43/50], Iter [0/990], Loss: 0.5410
Epoch [43/50], Iter [100/990], Loss: 0.5864
Epoch [43/50], Iter [200/990], Loss: 0.4461
Epoch [43/50], Iter [300/990], Loss: 0.4729
Epoch [43/50], Iter [400/990], Loss: 0.5686
Epoch [43/50], Iter [500/990], Loss: 0.7311
Epoch [43/50], Iter [600/990], Loss: 0.4341
Epoch [43/50], Iter [700/990], Loss: 0.6280
Epoch [43/50], Iter [800/990], Loss: 0.5376
Epoch [43/50], Iter [900/990], Loss: 0.6721
train Loss: 0.5883 Acc: 0.9479
val Loss: 0.8874 Acc: 0.7776

Epoch 44/49
----------
Epoch [44/50], Iter [0/990], Loss: 0.5358
Epoch [44/50], Iter [100/990], Loss: 0.5465
Epoch [44/50], Iter [200/990], Loss: 0.5641
Epoch [44/50], Iter [300/990], Loss: 0.5131
Epoch [44/50], Iter [400/990], Loss: 0.5831
Epoch [44/50], Iter [500/990], Loss: 0.4577
Epoch [44/50], Iter [600/990], Loss: 0.5432
Epoch [44/50], Iter [700/990], Loss: 0.6226
Epoch [44/50], Iter [800/990], Loss: 0.7251
Epoch [44/50], Iter [900/990], Loss: 0.4178
train Loss: 0.5761 Acc: 0.9503
val Loss: 0.9018 Acc: 0.7772

Epoch 45/49
----------
Epoch [45/50], Iter [0/990], Loss: 0.3964
Epoch [45/50], Iter [100/990], Loss: 0.5980
Epoch [45/50], Iter [200/990], Loss: 0.6547
Epoch [45/50], Iter [300/990], Loss: 0.5132
Epoch [45/50], Iter [400/990], Loss: 0.7717
Epoch [45/50], Iter [500/990], Loss: 0.5487
Epoch [45/50], Iter [600/990], Loss: 0.4857
Epoch [45/50], Iter [700/990], Loss: 0.4854
Epoch [45/50], Iter [800/990], Loss: 0.4289
Epoch [45/50], Iter [900/990], Loss: 0.5083
train Loss: 0.5651 Acc: 0.9520
val Loss: 0.8955 Acc: 0.7776

Epoch 46/49
----------
Epoch [46/50], Iter [0/990], Loss: 0.4468
Epoch [46/50], Iter [100/990], Loss: 0.4679
Epoch [46/50], Iter [200/990], Loss: 0.4005
Epoch [46/50], Iter [300/990], Loss: 0.5781
Epoch [46/50], Iter [400/990], Loss: 0.6097
Epoch [46/50], Iter [500/990], Loss: 0.7152
Epoch [46/50], Iter [600/990], Loss: 0.5164
Epoch [46/50], Iter [700/990], Loss: 0.5617
Epoch [46/50], Iter [800/990], Loss: 0.7124
Epoch [46/50], Iter [900/990], Loss: 0.5136
train Loss: 0.5543 Acc: 0.9543
val Loss: 0.9032 Acc: 0.7764

Epoch 47/49
----------
Epoch [47/50], Iter [0/990], Loss: 0.6005
Epoch [47/50], Iter [100/990], Loss: 0.5364
Epoch [47/50], Iter [200/990], Loss: 0.6191
Epoch [47/50], Iter [300/990], Loss: 0.4810
Epoch [47/50], Iter [400/990], Loss: 0.4447
Epoch [47/50], Iter [500/990], Loss: 0.5955
Epoch [47/50], Iter [600/990], Loss: 0.5898
Epoch [47/50], Iter [700/990], Loss: 0.4705
Epoch [47/50], Iter [800/990], Loss: 0.5648
Epoch [47/50], Iter [900/990], Loss: 0.5463
train Loss: 0.5522 Acc: 0.9551
val Loss: 0.9140 Acc: 0.7758

Epoch 48/49
----------
Epoch [48/50], Iter [0/990], Loss: 0.4599
Epoch [48/50], Iter [100/990], Loss: 0.7267
Epoch [48/50], Iter [200/990], Loss: 0.4960
Epoch [48/50], Iter [300/990], Loss: 0.5366
Epoch [48/50], Iter [400/990], Loss: 0.4186
Epoch [48/50], Iter [500/990], Loss: 0.5122
Epoch [48/50], Iter [600/990], Loss: 0.6208
Epoch [48/50], Iter [700/990], Loss: 0.7316
Epoch [48/50], Iter [800/990], Loss: 0.5540
Epoch [48/50], Iter [900/990], Loss: 0.4048
train Loss: 0.5439 Acc: 0.9560
Epoch 00049: reducing learning rate of group 0 to 1.0000e-06.
val Loss: 0.9152 Acc: 0.7726

Epoch 49/49
----------
Epoch [49/50], Iter [0/990], Loss: 0.5360
Epoch [49/50], Iter [100/990], Loss: 0.4907
Epoch [49/50], Iter [200/990], Loss: 0.5661
Epoch [49/50], Iter [300/990], Loss: 0.5547
Epoch [49/50], Iter [400/990], Loss: 0.5487
Epoch [49/50], Iter [500/990], Loss: 0.5262
Epoch [49/50], Iter [600/990], Loss: 0.5395
Epoch [49/50], Iter [700/990], Loss: 0.4359
Epoch [49/50], Iter [800/990], Loss: 0.4972
Epoch [49/50], Iter [900/990], Loss: 0.6013
train Loss: 0.5266 Acc: 0.9588
val Loss: 0.9007 Acc: 0.7770

Training complete in 263m 24s
Best val Acc: 0.777600